{"C:\\Users\\ShayaNNN\\Desktop\\Everest.engineering\\javascript-everest-engineering\\src\\askBaseDeliverCostAndNumberOfPackages.js": {"path":"C:\\Users\\ShayaNNN\\Desktop\\Everest.engineering\\javascript-everest-engineering\\src\\askBaseDeliverCostAndNumberOfPackages.js","statementMap":{"0":{"start":{"line":1,"column":17},"end":{"line":1,"column":36}},"1":{"start":{"line":2,"column":26},"end":{"line":2,"column":48}},"2":{"start":{"line":3,"column":14},"end":{"line":3,"column":30}},"3":{"start":{"line":4,"column":18},"end":{"line":4,"column":39}},"4":{"start":{"line":7,"column":18},"end":{"line":26,"column":1}},"5":{"start":{"line":9,"column":56},"end":{"line":9,"column":72}},"6":{"start":{"line":12,"column":2},"end":{"line":12,"column":64}},"7":{"start":{"line":13,"column":2},"end":{"line":13,"column":54}},"8":{"start":{"line":16,"column":2},"end":{"line":22,"column":57}},"9":{"start":{"line":22,"column":4},"end":{"line":22,"column":57}},"10":{"start":{"line":25,"column":2},"end":{"line":25,"column":14}},"11":{"start":{"line":30,"column":22},"end":{"line":38,"column":4}},"12":{"start":{"line":35,"column":6},"end":{"line":35,"column":21}},"13":{"start":{"line":41,"column":56},"end":{"line":41,"column":74}},"14":{"start":{"line":44,"column":2},"end":{"line":44,"column":64}},"15":{"start":{"line":45,"column":2},"end":{"line":45,"column":54}},"16":{"start":{"line":48,"column":18},"end":{"line":48,"column":61}},"17":{"start":{"line":51,"column":2},"end":{"line":51,"column":16}},"18":{"start":{"line":54,"column":2},"end":{"line":60,"column":5}},"19":{"start":{"line":63,"column":2},"end":{"line":63,"column":57}},"20":{"start":{"line":67,"column":0},"end":{"line":67,"column":70}}},"fnMap":{"0":{"name":"(anonymous_0)","decl":{"start":{"line":7,"column":18},"end":{"line":7,"column":19}},"loc":{"start":{"line":7,"column":35},"end":{"line":26,"column":1}},"line":7},"1":{"name":"askBaseDeliverCostAndNumberOfPackages","decl":{"start":{"line":28,"column":15},"end":{"line":28,"column":52}},"loc":{"start":{"line":28,"column":55},"end":{"line":64,"column":1}},"line":28},"2":{"name":"(anonymous_2)","decl":{"start":{"line":34,"column":4},"end":{"line":34,"column":5}},"loc":{"start":{"line":34,"column":14},"end":{"line":36,"column":5}},"line":34}},"branchMap":{"0":{"loc":{"start":{"line":16,"column":2},"end":{"line":22,"column":57}},"type":"if","locations":[{"start":{"line":16,"column":2},"end":{"line":22,"column":57}},{"start":{},"end":{}}],"line":16},"1":{"loc":{"start":{"line":17,"column":4},"end":{"line":20,"column":30}},"type":"binary-expr","locations":[{"start":{"line":17,"column":4},"end":{"line":17,"column":48}},{"start":{"line":18,"column":4},"end":{"line":18,"column":43}},{"start":{"line":19,"column":4},"end":{"line":19,"column":35}},{"start":{"line":20,"column":4},"end":{"line":20,"column":30}}],"line":17}},"s":{"0":1,"1":1,"2":1,"3":1,"4":1,"5":2,"6":2,"7":2,"8":2,"9":1,"10":1,"11":3,"12":0,"13":3,"14":3,"15":3,"16":3,"17":3,"18":3,"19":3,"20":1},"f":{"0":2,"1":3,"2":0},"b":{"0":[1,1],"1":[2,2,2,1]},"_coverageSchema":"1a1c01bbd47fc00a2c39e90264f33305004495a9","hash":"470b15faf2d2b487c4c7565d1dd6160c8195d0e9"}
,"C:\\Users\\ShayaNNN\\Desktop\\Everest.engineering\\javascript-everest-engineering\\src\\chooseTheProblemType.js": {"path":"C:\\Users\\ShayaNNN\\Desktop\\Everest.engineering\\javascript-everest-engineering\\src\\chooseTheProblemType.js","statementMap":{"0":{"start":{"line":1,"column":17},"end":{"line":1,"column":36}},"1":{"start":{"line":5,"column":25},"end":{"line":10,"column":4}},"2":{"start":{"line":13,"column":2},"end":{"line":13,"column":20}},"3":{"start":{"line":17,"column":0},"end":{"line":17,"column":42}}},"fnMap":{"0":{"name":"chooseTheProblemType","decl":{"start":{"line":3,"column":15},"end":{"line":3,"column":35}},"loc":{"start":{"line":3,"column":38},"end":{"line":14,"column":1}},"line":3}},"branchMap":{},"s":{"0":1,"1":3,"2":3,"3":1},"f":{"0":3},"b":{},"_coverageSchema":"1a1c01bbd47fc00a2c39e90264f33305004495a9","hash":"db5bfc32c8a83aa9a73846e21f83f6a584ba71bc"}
,"C:\\Users\\ShayaNNN\\Desktop\\Everest.engineering\\javascript-everest-engineering\\src\\getPackagesInformation.js": {"path":"C:\\Users\\ShayaNNN\\Desktop\\Everest.engineering\\javascript-everest-engineering\\src\\getPackagesInformation.js","statementMap":{"0":{"start":{"line":1,"column":17},"end":{"line":1,"column":36}},"1":{"start":{"line":2,"column":26},"end":{"line":2,"column":48}},"2":{"start":{"line":3,"column":14},"end":{"line":3,"column":30}},"3":{"start":{"line":4,"column":18},"end":{"line":4,"column":39}},"4":{"start":{"line":7,"column":18},"end":{"line":29,"column":1}},"5":{"start":{"line":9,"column":60},"end":{"line":9,"column":76}},"6":{"start":{"line":12,"column":2},"end":{"line":12,"column":48}},"7":{"start":{"line":13,"column":2},"end":{"line":13,"column":44}},"8":{"start":{"line":16,"column":2},"end":{"line":25,"column":57}},"9":{"start":{"line":25,"column":4},"end":{"line":25,"column":57}},"10":{"start":{"line":28,"column":2},"end":{"line":28,"column":14}},"11":{"start":{"line":33,"column":28},"end":{"line":33,"column":30}},"12":{"start":{"line":36,"column":2},"end":{"line":84,"column":3}},"13":{"start":{"line":36,"column":15},"end":{"line":36,"column":16}},"14":{"start":{"line":38,"column":24},"end":{"line":47,"column":6}},"15":{"start":{"line":44,"column":8},"end":{"line":44,"column":33}},"16":{"start":{"line":51,"column":6},"end":{"line":51,"column":24}},"17":{"start":{"line":54,"column":4},"end":{"line":54,"column":50}},"18":{"start":{"line":55,"column":4},"end":{"line":55,"column":46}},"19":{"start":{"line":58,"column":20},"end":{"line":58,"column":63}},"20":{"start":{"line":61,"column":4},"end":{"line":61,"column":18}},"21":{"start":{"line":64,"column":4},"end":{"line":72,"column":7}},"22":{"start":{"line":75,"column":4},"end":{"line":83,"column":6}},"23":{"start":{"line":87,"column":2},"end":{"line":87,"column":29}},"24":{"start":{"line":91,"column":0},"end":{"line":91,"column":55}}},"fnMap":{"0":{"name":"(anonymous_0)","decl":{"start":{"line":7,"column":18},"end":{"line":7,"column":19}},"loc":{"start":{"line":7,"column":35},"end":{"line":29,"column":1}},"line":7},"1":{"name":"getPackagesInformation","decl":{"start":{"line":31,"column":15},"end":{"line":31,"column":37}},"loc":{"start":{"line":31,"column":57},"end":{"line":88,"column":1}},"line":31},"2":{"name":"(anonymous_2)","decl":{"start":{"line":43,"column":6},"end":{"line":43,"column":7}},"loc":{"start":{"line":43,"column":16},"end":{"line":45,"column":7}},"line":43}},"branchMap":{"0":{"loc":{"start":{"line":16,"column":2},"end":{"line":25,"column":57}},"type":"if","locations":[{"start":{"line":16,"column":2},"end":{"line":25,"column":57}},{"start":{},"end":{}}],"line":16},"1":{"loc":{"start":{"line":17,"column":4},"end":{"line":23,"column":25}},"type":"binary-expr","locations":[{"start":{"line":17,"column":4},"end":{"line":17,"column":11}},{"start":{"line":18,"column":4},"end":{"line":18,"column":21}},{"start":{"line":19,"column":4},"end":{"line":19,"column":19}},{"start":{"line":20,"column":4},"end":{"line":20,"column":40}},{"start":{"line":21,"column":4},"end":{"line":21,"column":38}},{"start":{"line":22,"column":4},"end":{"line":22,"column":27}},{"start":{"line":23,"column":4},"end":{"line":23,"column":25}}],"line":17},"2":{"loc":{"start":{"line":70,"column":22},"end":{"line":70,"column":40}},"type":"binary-expr","locations":[{"start":{"line":70,"column":22},"end":{"line":70,"column":32}},{"start":{"line":70,"column":36},"end":{"line":70,"column":40}}],"line":70}},"s":{"0":1,"1":1,"2":1,"3":1,"4":1,"5":2,"6":2,"7":2,"8":2,"9":1,"10":1,"11":4,"12":4,"13":4,"14":9,"15":0,"16":9,"17":9,"18":9,"19":9,"20":9,"21":9,"22":9,"23":4,"24":1},"f":{"0":2,"1":4,"2":0},"b":{"0":[1,1],"1":[2,2,1,1,1,1,1],"2":[9,0]},"_coverageSchema":"1a1c01bbd47fc00a2c39e90264f33305004495a9","hash":"4073f71e89d93b95d0fa66bcbd483803754ba275"}
,"C:\\Users\\ShayaNNN\\Desktop\\Everest.engineering\\javascript-everest-engineering\\src\\getTheDiscountPercentage.js": {"path":"C:\\Users\\ShayaNNN\\Desktop\\Everest.engineering\\javascript-everest-engineering\\src\\getTheDiscountPercentage.js","statementMap":{"0":{"start":{"line":7,"column":2},"end":{"line":30,"column":18}},"1":{"start":{"line":13,"column":4},"end":{"line":13,"column":14}},"2":{"start":{"line":14,"column":9},"end":{"line":30,"column":18}},"3":{"start":{"line":21,"column":4},"end":{"line":21,"column":13}},"4":{"start":{"line":22,"column":9},"end":{"line":30,"column":18}},"5":{"start":{"line":29,"column":4},"end":{"line":29,"column":13}},"6":{"start":{"line":30,"column":9},"end":{"line":30,"column":18}},"7":{"start":{"line":34,"column":0},"end":{"line":34,"column":46}}},"fnMap":{"0":{"name":"getTheDiscountPercentage","decl":{"start":{"line":1,"column":9},"end":{"line":1,"column":33}},"loc":{"start":{"line":5,"column":3},"end":{"line":31,"column":1}},"line":5}},"branchMap":{"0":{"loc":{"start":{"line":7,"column":2},"end":{"line":30,"column":18}},"type":"if","locations":[{"start":{"line":7,"column":2},"end":{"line":30,"column":18}},{"start":{"line":14,"column":9},"end":{"line":30,"column":18}}],"line":7},"1":{"loc":{"start":{"line":8,"column":4},"end":{"line":11,"column":27}},"type":"binary-expr","locations":[{"start":{"line":8,"column":4},"end":{"line":8,"column":26}},{"start":{"line":9,"column":4},"end":{"line":9,"column":25}},{"start":{"line":10,"column":4},"end":{"line":10,"column":26}},{"start":{"line":11,"column":4},"end":{"line":11,"column":27}}],"line":8},"2":{"loc":{"start":{"line":14,"column":9},"end":{"line":30,"column":18}},"type":"if","locations":[{"start":{"line":14,"column":9},"end":{"line":30,"column":18}},{"start":{"line":22,"column":9},"end":{"line":30,"column":18}}],"line":14},"3":{"loc":{"start":{"line":15,"column":4},"end":{"line":19,"column":27}},"type":"binary-expr","locations":[{"start":{"line":15,"column":4},"end":{"line":15,"column":26}},{"start":{"line":16,"column":4},"end":{"line":16,"column":24}},{"start":{"line":17,"column":4},"end":{"line":17,"column":25}},{"start":{"line":18,"column":4},"end":{"line":18,"column":27}},{"start":{"line":19,"column":4},"end":{"line":19,"column":27}}],"line":15},"4":{"loc":{"start":{"line":22,"column":9},"end":{"line":30,"column":18}},"type":"if","locations":[{"start":{"line":22,"column":9},"end":{"line":30,"column":18}},{"start":{"line":30,"column":9},"end":{"line":30,"column":18}}],"line":22},"5":{"loc":{"start":{"line":23,"column":4},"end":{"line":27,"column":27}},"type":"binary-expr","locations":[{"start":{"line":23,"column":4},"end":{"line":23,"column":26}},{"start":{"line":24,"column":4},"end":{"line":24,"column":24}},{"start":{"line":25,"column":4},"end":{"line":25,"column":25}},{"start":{"line":26,"column":4},"end":{"line":26,"column":26}},{"start":{"line":27,"column":4},"end":{"line":27,"column":27}}],"line":23}},"s":{"0":16,"1":0,"2":16,"3":2,"4":14,"5":2,"6":12,"7":3},"f":{"0":16},"b":{"0":[0,16],"1":[16,4,4,0],"2":[2,14],"3":[16,4,2,2,2],"4":[2,12],"5":[14,4,4,4,4]},"_coverageSchema":"1a1c01bbd47fc00a2c39e90264f33305004495a9","hash":"e5568a3f6056df28b847a3729c6e2a9dfada31e8"}
,"C:\\Users\\ShayaNNN\\Desktop\\Everest.engineering\\javascript-everest-engineering\\src\\sleep.js": {"path":"C:\\Users\\ShayaNNN\\Desktop\\Everest.engineering\\javascript-everest-engineering\\src\\sleep.js","statementMap":{"0":{"start":{"line":3,"column":14},"end":{"line":3,"column":63}},"1":{"start":{"line":3,"column":26},"end":{"line":3,"column":63}},"2":{"start":{"line":3,"column":45},"end":{"line":3,"column":62}},"3":{"start":{"line":6,"column":0},"end":{"line":6,"column":27}}},"fnMap":{"0":{"name":"(anonymous_0)","decl":{"start":{"line":3,"column":14},"end":{"line":3,"column":15}},"loc":{"start":{"line":3,"column":26},"end":{"line":3,"column":63}},"line":3},"1":{"name":"(anonymous_1)","decl":{"start":{"line":3,"column":38},"end":{"line":3,"column":39}},"loc":{"start":{"line":3,"column":45},"end":{"line":3,"column":62}},"line":3}},"branchMap":{"0":{"loc":{"start":{"line":3,"column":15},"end":{"line":3,"column":21}},"type":"default-arg","locations":[{"start":{"line":3,"column":20},"end":{"line":3,"column":21}}],"line":3}},"s":{"0":3,"1":13,"2":13,"3":3},"f":{"0":13,"1":13},"b":{"0":[13]},"_coverageSchema":"1a1c01bbd47fc00a2c39e90264f33305004495a9","hash":"acf670f41b89d8ee073954e7c79d536ef523cc31"}
,"C:\\Users\\ShayaNNN\\Desktop\\Everest.engineering\\javascript-everest-engineering\\src\\firstProblem\\calculateTheFirstProblemResults.js": {"path":"C:\\Users\\ShayaNNN\\Desktop\\Everest.engineering\\javascript-everest-engineering\\src\\firstProblem\\calculateTheFirstProblemResults.js","statementMap":{"0":{"start":{"line":1,"column":37},"end":{"line":1,"column":78}},"1":{"start":{"line":8,"column":30},"end":{"line":8,"column":32}},"2":{"start":{"line":11,"column":2},"end":{"line":34,"column":3}},"3":{"start":{"line":13,"column":6},"end":{"line":13,"column":31}},"4":{"start":{"line":17,"column":6},"end":{"line":17,"column":69}},"5":{"start":{"line":20,"column":31},"end":{"line":24,"column":6}},"6":{"start":{"line":27,"column":25},"end":{"line":27,"column":62}},"7":{"start":{"line":30,"column":4},"end":{"line":33,"column":6}},"8":{"start":{"line":37,"column":2},"end":{"line":37,"column":31}},"9":{"start":{"line":41,"column":0},"end":{"line":41,"column":53}}},"fnMap":{"0":{"name":"calculateTheFirstProblemResults","decl":{"start":{"line":3,"column":15},"end":{"line":3,"column":46}},"loc":{"start":{"line":6,"column":3},"end":{"line":38,"column":1}},"line":6}},"branchMap":{},"s":{"0":1,"1":1,"2":1,"3":3,"4":3,"5":3,"6":3,"7":3,"8":1,"9":1},"f":{"0":1},"b":{},"_coverageSchema":"1a1c01bbd47fc00a2c39e90264f33305004495a9","hash":"7c817872b8500a630bcc7bd464270ac4f155588e"}
,"C:\\Users\\ShayaNNN\\Desktop\\Everest.engineering\\javascript-everest-engineering\\src\\secondProblem\\askNoOfVehiclesMaxSpeedMaxCarriableWeight.js": {"path":"C:\\Users\\ShayaNNN\\Desktop\\Everest.engineering\\javascript-everest-engineering\\src\\secondProblem\\askNoOfVehiclesMaxSpeedMaxCarriableWeight.js","statementMap":{"0":{"start":{"line":1,"column":17},"end":{"line":1,"column":36}},"1":{"start":{"line":2,"column":26},"end":{"line":2,"column":48}},"2":{"start":{"line":3,"column":14},"end":{"line":3,"column":30}},"3":{"start":{"line":4,"column":18},"end":{"line":4,"column":40}},"4":{"start":{"line":7,"column":18},"end":{"line":33,"column":1}},"5":{"start":{"line":10,"column":4},"end":{"line":10,"column":20}},"6":{"start":{"line":13,"column":2},"end":{"line":13,"column":56}},"7":{"start":{"line":14,"column":2},"end":{"line":14,"column":46}},"8":{"start":{"line":15,"column":2},"end":{"line":15,"column":68}},"9":{"start":{"line":18,"column":2},"end":{"line":29,"column":57}},"10":{"start":{"line":29,"column":4},"end":{"line":29,"column":57}},"11":{"start":{"line":32,"column":2},"end":{"line":32,"column":14}},"12":{"start":{"line":37,"column":22},"end":{"line":46,"column":4}},"13":{"start":{"line":43,"column":6},"end":{"line":43,"column":24}},"14":{"start":{"line":50,"column":4},"end":{"line":50,"column":22}},"15":{"start":{"line":53,"column":2},"end":{"line":53,"column":56}},"16":{"start":{"line":54,"column":2},"end":{"line":54,"column":46}},"17":{"start":{"line":55,"column":2},"end":{"line":55,"column":68}},"18":{"start":{"line":58,"column":18},"end":{"line":58,"column":61}},"19":{"start":{"line":61,"column":2},"end":{"line":61,"column":16}},"20":{"start":{"line":64,"column":2},"end":{"line":71,"column":5}},"21":{"start":{"line":74,"column":2},"end":{"line":74,"column":77}},"22":{"start":{"line":78,"column":0},"end":{"line":78,"column":74}}},"fnMap":{"0":{"name":"(anonymous_0)","decl":{"start":{"line":7,"column":18},"end":{"line":7,"column":19}},"loc":{"start":{"line":7,"column":35},"end":{"line":33,"column":1}},"line":7},"1":{"name":"askNoOfVehiclesMaxSpeedMaxCarriableWeight","decl":{"start":{"line":35,"column":15},"end":{"line":35,"column":56}},"loc":{"start":{"line":35,"column":59},"end":{"line":75,"column":1}},"line":35},"2":{"name":"(anonymous_2)","decl":{"start":{"line":42,"column":4},"end":{"line":42,"column":5}},"loc":{"start":{"line":42,"column":14},"end":{"line":44,"column":5}},"line":42}},"branchMap":{"0":{"loc":{"start":{"line":18,"column":2},"end":{"line":29,"column":57}},"type":"if","locations":[{"start":{"line":18,"column":2},"end":{"line":29,"column":57}},{"start":{},"end":{}}],"line":18},"1":{"loc":{"start":{"line":19,"column":4},"end":{"line":27,"column":37}},"type":"binary-expr","locations":[{"start":{"line":19,"column":4},"end":{"line":19,"column":25}},{"start":{"line":20,"column":4},"end":{"line":20,"column":20}},{"start":{"line":21,"column":4},"end":{"line":21,"column":31}},{"start":{"line":22,"column":4},"end":{"line":22,"column":44}},{"start":{"line":23,"column":4},"end":{"line":23,"column":39}},{"start":{"line":24,"column":4},"end":{"line":24,"column":50}},{"start":{"line":25,"column":4},"end":{"line":25,"column":31}},{"start":{"line":26,"column":4},"end":{"line":26,"column":26}},{"start":{"line":27,"column":4},"end":{"line":27,"column":37}}],"line":19}},"s":{"0":1,"1":1,"2":1,"3":1,"4":1,"5":4,"6":4,"7":4,"8":4,"9":4,"10":3,"11":1,"12":1,"13":0,"14":1,"15":1,"16":1,"17":1,"18":1,"19":1,"20":1,"21":1,"22":1},"f":{"0":4,"1":1,"2":0},"b":{"0":[3,1],"1":[4,1,1,1,1,1,1,1,1]},"_coverageSchema":"1a1c01bbd47fc00a2c39e90264f33305004495a9","hash":"5a0e94d36b9dc1c2bcb2d93abde1a9e644ac792d"}
,"C:\\Users\\ShayaNNN\\Desktop\\Everest.engineering\\javascript-everest-engineering\\src\\secondProblem\\calculateDeliveryEstimation.js": {"path":"C:\\Users\\ShayaNNN\\Desktop\\Everest.engineering\\javascript-everest-engineering\\src\\secondProblem\\calculateDeliveryEstimation.js","statementMap":{"0":{"start":{"line":7,"column":31},"end":{"line":7,"column":33}},"1":{"start":{"line":8,"column":2},"end":{"line":8,"column":72}},"2":{"start":{"line":8,"column":15},"end":{"line":8,"column":16}},"3":{"start":{"line":8,"column":43},"end":{"line":8,"column":72}},"4":{"start":{"line":11,"column":31},"end":{"line":47,"column":4}},"5":{"start":{"line":13,"column":28},"end":{"line":15,"column":5}},"6":{"start":{"line":14,"column":16},"end":{"line":14,"column":71}},"7":{"start":{"line":18,"column":30},"end":{"line":18,"column":63}},"8":{"start":{"line":22,"column":6},"end":{"line":22,"column":53}},"9":{"start":{"line":25,"column":27},"end":{"line":25,"column":59}},"10":{"start":{"line":28,"column":4},"end":{"line":29,"column":41}},"11":{"start":{"line":32,"column":4},"end":{"line":46,"column":6}},"12":{"start":{"line":36,"column":10},"end":{"line":37,"column":27}},"13":{"start":{"line":39,"column":23},"end":{"line":42,"column":9}},"14":{"start":{"line":44,"column":8},"end":{"line":44,"column":22}},"15":{"start":{"line":50,"column":2},"end":{"line":50,"column":30}},"16":{"start":{"line":54,"column":0},"end":{"line":54,"column":49}}},"fnMap":{"0":{"name":"calculateDeliveryEstimation","decl":{"start":{"line":1,"column":9},"end":{"line":1,"column":36}},"loc":{"start":{"line":5,"column":3},"end":{"line":51,"column":1}},"line":5},"1":{"name":"(anonymous_1)","decl":{"start":{"line":11,"column":50},"end":{"line":11,"column":51}},"loc":{"start":{"line":11,"column":59},"end":{"line":47,"column":3}},"line":11},"2":{"name":"(anonymous_2)","decl":{"start":{"line":14,"column":6},"end":{"line":14,"column":7}},"loc":{"start":{"line":14,"column":16},"end":{"line":14,"column":71}},"line":14},"3":{"name":"(anonymous_3)","decl":{"start":{"line":34,"column":33},"end":{"line":34,"column":34}},"loc":{"start":{"line":34,"column":43},"end":{"line":45,"column":7}},"line":34}},"branchMap":{},"s":{"0":3,"1":3,"2":3,"3":6,"4":3,"5":6,"6":15,"7":6,"8":6,"9":6,"10":6,"11":6,"12":15,"13":15,"14":15,"15":3,"16":2},"f":{"0":3,"1":6,"2":15,"3":15},"b":{},"_coverageSchema":"1a1c01bbd47fc00a2c39e90264f33305004495a9","hash":"202536489195bc4c1b91206392a9d18b8787f001"}
,"C:\\Users\\ShayaNNN\\Desktop\\Everest.engineering\\javascript-everest-engineering\\src\\secondProblem\\calculateTheSecondProblemResults.js": {"path":"C:\\Users\\ShayaNNN\\Desktop\\Everest.engineering\\javascript-everest-engineering\\src\\secondProblem\\calculateTheSecondProblemResults.js","statementMap":{"0":{"start":{"line":3,"column":4},"end":{"line":3,"column":48}},"1":{"start":{"line":6,"column":4},"end":{"line":6,"column":47}},"2":{"start":{"line":7,"column":37},"end":{"line":7,"column":78}},"3":{"start":{"line":17,"column":25},"end":{"line":20,"column":4}},"4":{"start":{"line":23,"column":41},"end":{"line":28,"column":4}},"5":{"start":{"line":31,"column":30},"end":{"line":31,"column":32}},"6":{"start":{"line":34,"column":2},"end":{"line":36,"column":5}},"7":{"start":{"line":35,"column":4},"end":{"line":35,"column":73}},"8":{"start":{"line":39,"column":2},"end":{"line":50,"column":5}},"9":{"start":{"line":40,"column":13},"end":{"line":40,"column":35}},"10":{"start":{"line":41,"column":11},"end":{"line":41,"column":33}},"11":{"start":{"line":43,"column":4},"end":{"line":45,"column":5}},"12":{"start":{"line":44,"column":6},"end":{"line":44,"column":16}},"13":{"start":{"line":46,"column":4},"end":{"line":48,"column":5}},"14":{"start":{"line":47,"column":6},"end":{"line":47,"column":15}},"15":{"start":{"line":49,"column":4},"end":{"line":49,"column":13}},"16":{"start":{"line":53,"column":32},"end":{"line":78,"column":4}},"17":{"start":{"line":60,"column":8},"end":{"line":60,"column":10}},"18":{"start":{"line":64,"column":6},"end":{"line":64,"column":69}},"19":{"start":{"line":67,"column":31},"end":{"line":71,"column":6}},"20":{"start":{"line":74,"column":25},"end":{"line":74,"column":62}},"21":{"start":{"line":77,"column":4},"end":{"line":77,"column":79}},"22":{"start":{"line":81,"column":2},"end":{"line":81,"column":31}},"23":{"start":{"line":85,"column":0},"end":{"line":85,"column":54}}},"fnMap":{"0":{"name":"calculateTheSecondProblemResults","decl":{"start":{"line":9,"column":15},"end":{"line":9,"column":47}},"loc":{"start":{"line":15,"column":3},"end":{"line":82,"column":1}},"line":15},"1":{"name":"(anonymous_1)","decl":{"start":{"line":34,"column":37},"end":{"line":34,"column":38}},"loc":{"start":{"line":34,"column":47},"end":{"line":36,"column":3}},"line":34},"2":{"name":"(anonymous_2)","decl":{"start":{"line":39,"column":53},"end":{"line":39,"column":54}},"loc":{"start":{"line":39,"column":63},"end":{"line":50,"column":3}},"line":39},"3":{"name":"(anonymous_3)","decl":{"start":{"line":53,"column":58},"end":{"line":53,"column":59}},"loc":{"start":{"line":53,"column":66},"end":{"line":78,"column":3}},"line":53}},"branchMap":{"0":{"loc":{"start":{"line":43,"column":4},"end":{"line":45,"column":5}},"type":"if","locations":[{"start":{"line":43,"column":4},"end":{"line":45,"column":5}},{"start":{},"end":{}}],"line":43},"1":{"loc":{"start":{"line":46,"column":4},"end":{"line":48,"column":5}},"type":"if","locations":[{"start":{"line":46,"column":4},"end":{"line":48,"column":5}},{"start":{},"end":{}}],"line":46}},"s":{"0":1,"1":1,"2":1,"3":1,"4":1,"5":1,"6":1,"7":4,"8":1,"9":9,"10":9,"11":9,"12":5,"13":4,"14":4,"15":0,"16":1,"17":5,"18":5,"19":5,"20":5,"21":5,"22":1,"23":1},"f":{"0":1,"1":4,"2":9,"3":5},"b":{"0":[5,4],"1":[4,0]},"_coverageSchema":"1a1c01bbd47fc00a2c39e90264f33305004495a9","hash":"1f6d9d9b58fb5df113d584474ffc85fe8468212c"}
,"C:\\Users\\ShayaNNN\\Desktop\\Everest.engineering\\javascript-everest-engineering\\src\\secondProblem\\getTheOptimizedPackageRoutes.js": {"path":"C:\\Users\\ShayaNNN\\Desktop\\Everest.engineering\\javascript-everest-engineering\\src\\secondProblem\\getTheOptimizedPackageRoutes.js","statementMap":{"0":{"start":{"line":6,"column":21},"end":{"line":6,"column":45}},"1":{"start":{"line":7,"column":26},"end":{"line":7,"column":28}},"2":{"start":{"line":8,"column":19},"end":{"line":8,"column":21}},"3":{"start":{"line":11,"column":19},"end":{"line":41,"column":3}},"4":{"start":{"line":13,"column":4},"end":{"line":40,"column":5}},"5":{"start":{"line":15,"column":6},"end":{"line":20,"column":7}},"6":{"start":{"line":16,"column":8},"end":{"line":19,"column":10}},"7":{"start":{"line":23,"column":6},"end":{"line":23,"column":15}},"8":{"start":{"line":29,"column":8},"end":{"line":33,"column":10}},"9":{"start":{"line":36,"column":20},"end":{"line":36,"column":61}},"10":{"start":{"line":39,"column":6},"end":{"line":39,"column":40}},"11":{"start":{"line":44,"column":2},"end":{"line":71,"column":3}},"12":{"start":{"line":46,"column":4},"end":{"line":46,"column":78}},"13":{"start":{"line":49,"column":4},"end":{"line":54,"column":6}},"14":{"start":{"line":52,"column":8},"end":{"line":52,"column":73}},"15":{"start":{"line":57,"column":34},"end":{"line":62,"column":33}},"16":{"start":{"line":59,"column":8},"end":{"line":59,"column":29}},"17":{"start":{"line":62,"column":21},"end":{"line":62,"column":32}},"18":{"start":{"line":65,"column":4},"end":{"line":67,"column":7}},"19":{"start":{"line":66,"column":6},"end":{"line":66,"column":58}},"20":{"start":{"line":70,"column":4},"end":{"line":70,"column":20}},"21":{"start":{"line":74,"column":2},"end":{"line":74,"column":27}},"22":{"start":{"line":78,"column":0},"end":{"line":78,"column":50}}},"fnMap":{"0":{"name":"getTheOptimizedPackageRoutes","decl":{"start":{"line":1,"column":9},"end":{"line":1,"column":37}},"loc":{"start":{"line":4,"column":3},"end":{"line":75,"column":1}},"line":4},"1":{"name":"(anonymous_1)","decl":{"start":{"line":11,"column":19},"end":{"line":11,"column":20}},"loc":{"start":{"line":11,"column":52},"end":{"line":41,"column":3}},"line":11},"2":{"name":"(anonymous_2)","decl":{"start":{"line":51,"column":24},"end":{"line":51,"column":25}},"loc":{"start":{"line":51,"column":49},"end":{"line":53,"column":7}},"line":51},"3":{"name":"(anonymous_3)","decl":{"start":{"line":58,"column":11},"end":{"line":58,"column":12}},"loc":{"start":{"line":58,"column":21},"end":{"line":60,"column":7}},"line":58},"4":{"name":"(anonymous_4)","decl":{"start":{"line":62,"column":11},"end":{"line":62,"column":12}},"loc":{"start":{"line":62,"column":21},"end":{"line":62,"column":32}},"line":62},"5":{"name":"(anonymous_5)","decl":{"start":{"line":65,"column":39},"end":{"line":65,"column":40}},"loc":{"start":{"line":65,"column":49},"end":{"line":67,"column":5}},"line":65}},"branchMap":{"0":{"loc":{"start":{"line":13,"column":4},"end":{"line":40,"column":5}},"type":"if","locations":[{"start":{"line":13,"column":4},"end":{"line":40,"column":5}},{"start":{"line":26,"column":9},"end":{"line":40,"column":5}}],"line":13},"1":{"loc":{"start":{"line":13,"column":8},"end":{"line":13,"column":47}},"type":"binary-expr","locations":[{"start":{"line":13,"column":8},"end":{"line":13,"column":20}},{"start":{"line":13,"column":24},"end":{"line":13,"column":29}},{"start":{"line":13,"column":33},"end":{"line":13,"column":47}}],"line":13},"2":{"loc":{"start":{"line":15,"column":6},"end":{"line":20,"column":7}},"type":"if","locations":[{"start":{"line":15,"column":6},"end":{"line":20,"column":7}},{"start":{},"end":{}}],"line":15},"3":{"loc":{"start":{"line":52,"column":15},"end":{"line":52,"column":72}},"type":"cond-expr","locations":[{"start":{"line":52,"column":58},"end":{"line":52,"column":62}},{"start":{"line":52,"column":65},"end":{"line":52,"column":72}}],"line":52}},"s":{"0":2,"1":2,"2":2,"3":2,"4":112,"5":60,"6":36,"7":60,"8":52,"9":52,"10":52,"11":2,"12":8,"13":8,"14":28,"15":8,"16":20,"17":28,"18":8,"19":22,"20":8,"21":2,"22":2},"f":{"0":2,"1":112,"2":28,"3":20,"4":28,"5":22},"b":{"0":[60,52],"1":[112,88,52],"2":[36,24],"3":[24,4]},"_coverageSchema":"1a1c01bbd47fc00a2c39e90264f33305004495a9","hash":"e08e584dd7dea58284f87778d41f6a46097bf091"}
}
