TN:
SF:src\askBaseDeliverCostAndNumberOfPackages.js
FN:7,(anonymous_0)
FN:28,askBaseDeliverCostAndNumberOfPackages
FN:34,(anonymous_2)
FNF:3
FNH:2
FNDA:2,(anonymous_0)
FNDA:3,askBaseDeliverCostAndNumberOfPackages
FNDA:0,(anonymous_2)
DA:1,1
DA:2,1
DA:3,1
DA:4,1
DA:7,1
DA:9,2
DA:12,2
DA:13,2
DA:16,2
DA:22,1
DA:25,1
DA:30,3
DA:35,0
DA:41,3
DA:44,3
DA:45,3
DA:48,3
DA:51,3
DA:54,3
DA:63,3
DA:67,1
LF:21
LH:20
BRDA:16,0,0,1
BRDA:16,0,1,1
BRDA:17,1,0,2
BRDA:17,1,1,2
BRDA:17,1,2,2
BRDA:17,1,3,1
BRF:6
BRH:6
end_of_record
TN:
SF:src\chooseTheProblemType.js
FN:3,chooseTheProblemType
FNF:1
FNH:1
FNDA:3,chooseTheProblemType
DA:1,1
DA:5,3
DA:13,3
DA:17,1
LF:4
LH:4
BRF:0
BRH:0
end_of_record
TN:
SF:src\getPackagesInformation.js
FN:7,(anonymous_0)
FN:31,getPackagesInformation
FN:43,(anonymous_2)
FNF:3
FNH:2
FNDA:2,(anonymous_0)
FNDA:4,getPackagesInformation
FNDA:0,(anonymous_2)
DA:1,1
DA:2,1
DA:3,1
DA:4,1
DA:7,1
DA:9,2
DA:12,2
DA:13,2
DA:16,2
DA:25,1
DA:28,1
DA:33,4
DA:36,4
DA:38,9
DA:44,0
DA:51,9
DA:54,9
DA:55,9
DA:58,9
DA:61,9
DA:64,9
DA:75,9
DA:87,4
DA:91,1
LF:24
LH:23
BRDA:16,0,0,1
BRDA:16,0,1,1
BRDA:17,1,0,2
BRDA:17,1,1,2
BRDA:17,1,2,1
BRDA:17,1,3,1
BRDA:17,1,4,1
BRDA:17,1,5,1
BRDA:17,1,6,1
BRDA:70,2,0,9
BRDA:70,2,1,0
BRF:11
BRH:10
end_of_record
TN:
SF:src\getTheDiscountPercentage.js
FN:1,getTheDiscountPercentage
FNF:1
FNH:1
FNDA:16,getTheDiscountPercentage
DA:7,16
DA:13,0
DA:14,16
DA:21,2
DA:22,14
DA:29,2
DA:30,12
DA:34,3
LF:8
LH:7
BRDA:7,0,0,0
BRDA:7,0,1,16
BRDA:8,1,0,16
BRDA:8,1,1,4
BRDA:8,1,2,4
BRDA:8,1,3,0
BRDA:14,2,0,2
BRDA:14,2,1,14
BRDA:15,3,0,16
BRDA:15,3,1,4
BRDA:15,3,2,2
BRDA:15,3,3,2
BRDA:15,3,4,2
BRDA:22,4,0,2
BRDA:22,4,1,12
BRDA:23,5,0,14
BRDA:23,5,1,4
BRDA:23,5,2,4
BRDA:23,5,3,4
BRDA:23,5,4,4
BRF:20
BRH:18
end_of_record
TN:
SF:src\sleep.js
FN:3,(anonymous_0)
FN:3,(anonymous_1)
FNF:2
FNH:2
FNDA:13,(anonymous_0)
FNDA:13,(anonymous_1)
DA:3,13
DA:6,3
LF:2
LH:2
BRDA:3,0,0,13
BRF:1
BRH:1
end_of_record
TN:
SF:src\firstProblem\calculateTheFirstProblemResults.js
FN:3,calculateTheFirstProblemResults
FNF:1
FNH:1
FNDA:1,calculateTheFirstProblemResults
DA:1,1
DA:8,1
DA:11,1
DA:13,3
DA:17,3
DA:20,3
DA:27,3
DA:30,3
DA:37,1
DA:41,1
LF:10
LH:10
BRF:0
BRH:0
end_of_record
TN:
SF:src\secondProblem\askNoOfVehiclesMaxSpeedMaxCarriableWeight.js
FN:7,(anonymous_0)
FN:35,askNoOfVehiclesMaxSpeedMaxCarriableWeight
FN:42,(anonymous_2)
FNF:3
FNH:2
FNDA:4,(anonymous_0)
FNDA:1,askNoOfVehiclesMaxSpeedMaxCarriableWeight
FNDA:0,(anonymous_2)
DA:1,1
DA:2,1
DA:3,1
DA:4,1
DA:7,1
DA:10,4
DA:13,4
DA:14,4
DA:15,4
DA:18,4
DA:29,3
DA:32,1
DA:37,1
DA:43,0
DA:50,1
DA:53,1
DA:54,1
DA:55,1
DA:58,1
DA:61,1
DA:64,1
DA:74,1
DA:78,1
LF:23
LH:22
BRDA:18,0,0,3
BRDA:18,0,1,1
BRDA:19,1,0,4
BRDA:19,1,1,1
BRDA:19,1,2,1
BRDA:19,1,3,1
BRDA:19,1,4,1
BRDA:19,1,5,1
BRDA:19,1,6,1
BRDA:19,1,7,1
BRDA:19,1,8,1
BRF:11
BRH:11
end_of_record
TN:
SF:src\secondProblem\calculateDeliveryEstimation.js
FN:1,calculateDeliveryEstimation
FN:11,(anonymous_1)
FN:14,(anonymous_2)
FN:34,(anonymous_3)
FNF:4
FNH:4
FNDA:3,calculateDeliveryEstimation
FNDA:6,(anonymous_1)
FNDA:15,(anonymous_2)
FNDA:15,(anonymous_3)
DA:7,3
DA:8,6
DA:11,3
DA:13,6
DA:14,15
DA:18,6
DA:22,6
DA:25,6
DA:28,6
DA:32,6
DA:36,15
DA:39,15
DA:44,15
DA:50,3
DA:54,2
LF:15
LH:15
BRF:0
BRH:0
end_of_record
TN:
SF:src\secondProblem\calculateTheSecondProblemResults.js
FN:9,calculateTheSecondProblemResults
FN:34,(anonymous_1)
FN:39,(anonymous_2)
FN:53,(anonymous_3)
FNF:4
FNH:4
FNDA:1,calculateTheSecondProblemResults
FNDA:4,(anonymous_1)
FNDA:9,(anonymous_2)
FNDA:5,(anonymous_3)
DA:3,1
DA:6,1
DA:7,1
DA:17,1
DA:23,1
DA:31,1
DA:34,1
DA:35,4
DA:39,1
DA:40,9
DA:41,9
DA:43,9
DA:44,5
DA:46,4
DA:47,4
DA:49,0
DA:53,1
DA:60,5
DA:64,5
DA:67,5
DA:74,5
DA:77,5
DA:81,1
DA:85,1
LF:24
LH:23
BRDA:43,0,0,5
BRDA:43,0,1,4
BRDA:46,1,0,4
BRDA:46,1,1,0
BRF:4
BRH:3
end_of_record
TN:
SF:src\secondProblem\getTheOptimizedPackageRoutes.js
FN:1,getTheOptimizedPackageRoutes
FN:11,(anonymous_1)
FN:51,(anonymous_2)
FN:58,(anonymous_3)
FN:62,(anonymous_4)
FN:65,(anonymous_5)
FNF:6
FNH:6
FNDA:2,getTheOptimizedPackageRoutes
FNDA:112,(anonymous_1)
FNDA:28,(anonymous_2)
FNDA:20,(anonymous_3)
FNDA:28,(anonymous_4)
FNDA:22,(anonymous_5)
DA:6,2
DA:7,2
DA:8,2
DA:11,2
DA:13,112
DA:15,60
DA:16,36
DA:23,60
DA:29,52
DA:36,52
DA:39,52
DA:44,2
DA:46,8
DA:49,8
DA:52,28
DA:57,8
DA:59,20
DA:62,28
DA:65,8
DA:66,22
DA:70,8
DA:74,2
DA:78,2
LF:23
LH:23
BRDA:13,0,0,60
BRDA:13,0,1,52
BRDA:13,1,0,112
BRDA:13,1,1,88
BRDA:13,1,2,52
BRDA:15,2,0,36
BRDA:15,2,1,24
BRDA:52,3,0,24
BRDA:52,3,1,4
BRF:9
BRH:9
end_of_record
